<?xml version="1.0" encoding="UTF-8"?>
<!-- Generated by org.testng.reporters.JUnitReportReporter -->
<testsuite hostname="DESKTOP-M4O9I4R" failures="0" tests="1" name="bankguru.TC_04_Selenium_Grid" time="4.244" errors="0" timestamp="22 Jun 2022 03:45:53 GMT" skipped="0">
  <testcase classname="bankguru.TC_04_Selenium_Grid" name="TC_01" time="4.244"/>
</testsuite> <!-- bankguru.TC_04_Selenium_Grid -->
