<?xml version="1.0" encoding="UTF-8"?>
<!-- Generated by org.testng.reporters.JUnitReportReporter -->
<testsuite hostname="DESKTOP-M4O9I4R" failures="0" tests="3" name="saucedemo.TC_01_Sort_Asc_Desc" time="1.604" errors="0" timestamp="15 Jun 2022 04:34:01 GMT" skipped="0">
  <testcase classname="saucedemo.TC_01_Sort_Asc_Desc" name="TC_02" time="0.692"/>
  <testcase classname="saucedemo.TC_01_Sort_Asc_Desc" name="TC_03" time="0.117"/>
  <testcase classname="saucedemo.TC_01_Sort_Asc_Desc" name="TC_01" time="0.795"/>
</testsuite> <!-- saucedemo.TC_01_Sort_Asc_Desc -->
